1625131721220	geckodriver	INFO	Listening on 127.0.0.1:64117
1625131727511	mozrunner::runner	INFO	Running command: "C:\\Program Files\\Mozilla Firefox\\firefox.exe" "--marionette" "-foreground" "-no-remote" "-profile" "C:\\Users\\gauth\\AppData\\Local\\Temp\\rust_mozprofilept0nzX"
1625131727984	Marionette	INFO	Marionette enabled
console.log: WebExtensions: reset-default-search: starting.
console.log: WebExtensions: reset-default-search: has already ran once and saw panel, exit.
1625131729709	Marionette	INFO	Listening on port 64125
console.log: WebExtensions: reset-default-search: starting.
console.log: WebExtensions: reset-default-search: has already ran once and saw panel, exit.
1625131730177	Marionette	WARN	TLS certificate errors will be ignored for this session
1625131977601	Marionette	INFO	Stopped listening on port 64125
1625733804565	geckodriver	INFO	Listening on 127.0.0.1:59428
1625733810907	mozrunner::runner	INFO	Running command: "C:\\Program Files\\Mozilla Firefox\\firefox.exe" "--marionette" "-foreground" "-no-remote" "-profile" "C:\\Users\\gauth\\AppData\\Local\\Temp\\rust_mozprofileEP1vPM"
1625733811344	Marionette	INFO	Marionette enabled
console.log: WebExtensions: reset-default-search: starting.
console.log: WebExtensions: reset-default-search: has already ran once and saw panel, exit.
1625733813103	Marionette	INFO	Listening on port 59437
JavaScript error: resource://gre/modules/ConduitsChild.jsm, line 108: Error: sendRemoveListener on closed conduit s3download@statusbar.274877906958
console.log: WebExtensions: reset-default-search: starting.
console.log: WebExtensions: reset-default-search: has already ran once and saw panel, exit.
JavaScript error: , line 0: uncaught exception: Object
1625733813588	Marionette	WARN	TLS certificate errors will be ignored for this session
1626934059178	geckodriver	INFO	Listening on 127.0.0.1:62336
1626934064713	mozrunner::runner	INFO	Running command: "C:\\Program Files\\Mozilla Firefox\\firefox.exe" "--marionette" "-foreground" "-no-remote" "-profile" "C:\\Users\\gauth\\AppData\\Local\\Temp\\rust_mozprofilez1iV4O"
1626934065422	Marionette	INFO	Marionette enabled
console.log: WebExtensions: reset-default-search: starting.
console.log: WebExtensions: reset-default-search: has already ran once and saw panel, exit.
1626934067302	Marionette	INFO	Listening on port 62346
1626934067396	Marionette	WARN	TLS certificate errors will be ignored for this session
JavaScript error: resource://gre/modules/ConduitsChild.jsm, line 108: Error: sendRemoveListener on closed conduit s3download@statusbar.274877906954
console.log: WebExtensions: reset-default-search: starting.
console.log: WebExtensions: reset-default-search: has already ran once and saw panel, exit.
JavaScript error: , line 0: uncaught exception: Object
JavaScript error: resource://gre/modules/ConduitsChild.jsm, line 108: Error: sendRemoveListener on closed conduit s3download@statusbar.274877907233
JavaScript error: , line 0: AbortError: Actor 'Conduits' destroyed before query 'RunListener' was resolved
JavaScript error: , line 0: AbortError: Actor 'Conduits' destroyed before query 'RunListener' was resolved
1626934632593	Marionette	INFO	Stopped listening on port 62346

###!!! [Child][RunMessage] Error: Channel closing: too late to send/recv, messages will be lost

1626934819677	geckodriver	INFO	Listening on 127.0.0.1:62294
1626934825252	mozrunner::runner	INFO	Running command: "C:\\Program Files\\Mozilla Firefox\\firefox.exe" "--marionette" "-foreground" "-no-remote" "-profile" "C:\\Users\\gauth\\AppData\\Local\\Temp\\rust_mozprofileYwTMqR"
1626934825598	Marionette	INFO	Marionette enabled
console.log: WebExtensions: reset-default-search: starting.
console.log: WebExtensions: reset-default-search: has already ran once and saw panel, exit.
1626934827049	Marionette	INFO	Listening on port 62302
1626934827316	Marionette	WARN	TLS certificate errors will be ignored for this session
JavaScript error: resource://gre/modules/ConduitsChild.jsm, line 108: Error: sendRemoveListener on closed conduit s3download@statusbar.274877906957
console.log: WebExtensions: reset-default-search: starting.
console.log: WebExtensions: reset-default-search: has already ran once and saw panel, exit.
JavaScript error: , line 0: uncaught exception: Object

###!!! [Parent][MessageChannel] Error: (msgtype=0x390144,name=PContent::Msg_AsyncMessage) Channel error: cannot send/recv

A content process crashed and MOZ_CRASHREPORTER_SHUTDOWN is set, shutting down
1626934892678	geckodriver	INFO	Listening on 127.0.0.1:56395
1626934898867	mozrunner::runner	INFO	Running command: "C:\\Program Files\\Mozilla Firefox\\firefox.exe" "--marionette" "-foreground" "-no-remote" "-profile" "C:\\Users\\gauth\\AppData\\Local\\Temp\\rust_mozprofiledtLbW8"
1626934899239	Marionette	INFO	Marionette enabled
console.log: WebExtensions: reset-default-search: starting.
console.log: WebExtensions: reset-default-search: has already ran once and saw panel, exit.
1626934900755	Marionette	INFO	Listening on port 56403
1626934900926	Marionette	WARN	TLS certificate errors will be ignored for this session
JavaScript error: resource://gre/modules/ConduitsChild.jsm, line 108: Error: sendRemoveListener on closed conduit s3download@statusbar.274877906954
console.log: WebExtensions: reset-default-search: starting.
console.log: WebExtensions: reset-default-search: has already ran once and saw panel, exit.
JavaScript warning: https://www.googletagmanager.com/gtm.js?id=GTM-MFB3M5G, line 29: Script terminated by timeout at:
ua@https://www.googletagmanager.com/gtm.js?id=GTM-MFB3M5G:29:654
u/<@https://www.googletagmanager.com/gtm.js?id=GTM-MFB3M5G:199:548
wd/g.onreadystatechange@https://www.google-analytics.com/analytics.js:39:17

JavaScript error: resource://gre/modules/ConduitsChild.jsm, line 108: Error: sendRemoveListener on closed conduit s3download@statusbar.274877907229
JavaScript error: , line 0: AbortError: Actor 'Conduits' destroyed before query 'RunListener' was resolved
JavaScript error: , line 0: AbortError: Actor 'Conduits' destroyed before query 'RunListener' was resolved
1626935167688	Marionette	INFO	Stopped listening on port 56403

###!!! [Child][RunMessage] Error: Channel closing: too late to send/recv, messages will be lost

1626935169517	geckodriver	INFO	Listening on 127.0.0.1:51749
1626935423915	geckodriver	INFO	Listening on 127.0.0.1:55942
1626935429464	mozrunner::runner	INFO	Running command: "C:\\Program Files\\Mozilla Firefox\\firefox.exe" "--marionette" "-foreground" "-no-remote" "-profile" "C:\\Users\\gauth\\AppData\\Local\\Temp\\rust_mozprofilej4EPqN"
1626935429822	Marionette	INFO	Marionette enabled
console.log: WebExtensions: reset-default-search: starting.
console.log: WebExtensions: reset-default-search: has already ran once and saw panel, exit.
1626935431173	Marionette	INFO	Listening on port 55950
1626935431535	Marionette	WARN	TLS certificate errors will be ignored for this session
console.log: WebExtensions: reset-default-search: starting.
console.log: WebExtensions: reset-default-search: has already ran once and saw panel, exit.
JavaScript error: resource://gre/modules/ExtensionContent.jsm, line 575: TypeError: PrecompiledScript.executeInGlobal: Argument 1 is not an object.
JavaScript error: , line 0: uncaught exception: Object
A content process crashed and MOZ_CRASHREPORTER_SHUTDOWN is set, shutting down
1626935577708	geckodriver	INFO	Listening on 127.0.0.1:57927
1626935583283	mozrunner::runner	INFO	Running command: "C:\\Program Files\\Mozilla Firefox\\firefox.exe" "--marionette" "-foreground" "-no-remote" "-profile" "C:\\Users\\gauth\\AppData\\Local\\Temp\\rust_mozprofile6yeBdu"
1626935583645	Marionette	INFO	Marionette enabled
console.log: WebExtensions: reset-default-search: starting.
console.log: WebExtensions: reset-default-search: has already ran once and saw panel, exit.
1626935585206	Marionette	INFO	Listening on port 57935
1626935585387	Marionette	WARN	TLS certificate errors will be ignored for this session
JavaScript error: resource://gre/modules/ConduitsChild.jsm, line 108: Error: sendRemoveListener on closed conduit s3download@statusbar.274877906957
console.log: WebExtensions: reset-default-search: starting.
console.log: WebExtensions: reset-default-search: has already ran once and saw panel, exit.
A content process crashed and MOZ_CRASHREPORTER_SHUTDOWN is set, shutting down
1626935803851	geckodriver	INFO	Listening on 127.0.0.1:49672
1626935809490	mozrunner::runner	INFO	Running command: "C:\\Program Files\\Mozilla Firefox\\firefox.exe" "--marionette" "-foreground" "-no-remote" "-profile" "C:\\Users\\gauth\\AppData\\Local\\Temp\\rust_mozprofilesuQKNw"
1626935809833	Marionette	INFO	Marionette enabled
console.log: WebExtensions: reset-default-search: starting.
console.log: WebExtensions: reset-default-search: has already ran once and saw panel, exit.
1626935811516	Marionette	INFO	Listening on port 49687
1626935811546	Marionette	WARN	TLS certificate errors will be ignored for this session
JavaScript error: resource://gre/modules/ConduitsChild.jsm, line 108: Error: sendRemoveListener on closed conduit s3download@statusbar.274877906955
console.log: WebExtensions: reset-default-search: starting.
console.log: WebExtensions: reset-default-search: has already ran once and saw panel, exit.
JavaScript error: , line 0: uncaught exception: Object
JavaScript error: resource://gre/modules/ConduitsChild.jsm, line 108: Error: sendRemoveListener on closed conduit s3download@statusbar.274877907262
JavaScript error: , line 0: AbortError: Actor 'Conduits' destroyed before query 'RunListener' was resolved
1626936087427	Marionette	INFO	Stopped listening on port 49687

###!!! [Child][RunMessage] Error: Channel closing: too late to send/recv, messages will be lost

1626936394572	geckodriver	INFO	Listening on 127.0.0.1:49723
1626936400382	mozrunner::runner	INFO	Running command: "C:\\Program Files\\Mozilla Firefox\\firefox.exe" "--marionette" "-foreground" "-no-remote" "-profile" "C:\\Users\\gauth\\AppData\\Local\\Temp\\rust_mozprofilepeK7bf"
1626936400726	Marionette	INFO	Marionette enabled
console.log: WebExtensions: reset-default-search: starting.
console.log: WebExtensions: reset-default-search: has already ran once and saw panel, exit.
1626936402271	Marionette	INFO	Listening on port 49731
1626936402457	Marionette	WARN	TLS certificate errors will be ignored for this session
console.log: WebExtensions: reset-default-search: starting.
console.log: WebExtensions: reset-default-search: has already ran once and saw panel, exit.
JavaScript error: resource://gre/modules/ExtensionContent.jsm, line 575: TypeError: PrecompiledScript.executeInGlobal: Argument 1 is not an object.

###!!! [Parent][MessageChannel] Error: (msgtype=0x39004F,name=PContent::Msg_NotifyProcessPriorityChanged) Channel error: cannot send/recv


###!!! [Parent][MessageChannel] Error: (msgtype=0x390047,name=PContent::Msg_RemoteType) Channel error: cannot send/recv


###!!! [Parent][MessageChannel] Error: (msgtype=0x390075,name=PContent::Msg_RegisterBrowsingContextGroup) Channel error: cannot send/recv


###!!! [Parent][MessageChannel] Error: (msgtype=0x390158,name=PContent::Msg_SetupFocusedAndActive) Channel error: cannot send/recv


###!!! [Parent][MessageChannel] Error: (msgtype=0x390143,name=PContent::Msg_CommitBrowsingContextTransaction) Channel error: cannot send/recv


###!!! [Parent][MessageChannel] Error: (msgtype=0x390005,name=PContent::Msg_ConstructBrowser) Channel error: cannot send/recv


###!!! [Parent][MessageChannel] Error: (msgtype=0x390143,name=PContent::Msg_CommitBrowsingContextTransaction) Channel error: cannot send/recv


###!!! [Parent][MessageChannel] Error: (msgtype=0xAF000E,name=PWindowGlobal::Msg_SetContainerFeaturePolicy) Channel error: cannot send/recv


###!!! [Parent][MessageChannel] Error: (msgtype=0x2300A6,name=PBrowser::Msg_UpdateNativeWindowHandle) Channel error: cannot send/recv


###!!! [Parent][MessageChannel] Error: (msgtype=0x2300A8,name=PBrowser::Msg_SetWidgetNativeData) Channel error: cannot send/recv


###!!! [Parent][MessageChannel] Error: (msgtype=0x390143,name=PContent::Msg_CommitBrowsingContextTransaction) Channel error: cannot send/recv


###!!! [Parent][MessageChannel] Error: (msgtype=0x23006E,name=PBrowser::Msg_InitRendering) Channel error: cannot send/recv


###!!! [Parent][MessageChannel] Error: (msgtype=0x23009F,name=PBrowser::Msg_SafeAreaInsetsChanged) Channel error: cannot send/recv


###!!! [Parent][MessageChannel] Error: (msgtype=0x230098,name=PBrowser::Msg_LoadRemoteScript) Channel error: cannot send/recv


###!!! [Parent][MessageChannel] Error: (msgtype=0x230098,name=PBrowser::Msg_LoadRemoteScript) Channel error: cannot send/recv


###!!! [Parent][MessageChannel] Error: (msgtype=0x230098,name=PBrowser::Msg_LoadRemoteScript) Channel error: cannot send/recv


###!!! [Parent][MessageChannel] Error: (msgtype=0x390089,name=PContent::Msg_FlushTabState) Channel error: cannot send/recv


###!!! [Parent][MessageChannel] Error: (msgtype=0x390143,name=PContent::Msg_CommitBrowsingContextTransaction) Channel error: cannot send/recv


###!!! [Parent][MessageChannel] Error: (msgtype=0x230099,name=PBrowser::Msg_Destroy) Channel error: cannot send/recv


###!!! [Parent][MessageChannel] Error: (msgtype=0x39004F,name=PContent::Msg_NotifyProcessPriorityChanged) Channel error: cannot send/recv

1626937270138	geckodriver	INFO	Listening on 127.0.0.1:53458
1626937275955	mozrunner::runner	INFO	Running command: "C:\\Program Files\\Mozilla Firefox\\firefox.exe" "--marionette" "-foreground" "-no-remote" "-profile" "C:\\Users\\gauth\\AppData\\Local\\Temp\\rust_mozprofileb66Dc3"
1626937276297	Marionette	INFO	Marionette enabled
console.log: WebExtensions: reset-default-search: starting.
console.log: WebExtensions: reset-default-search: has already ran once and saw panel, exit.
1626937277713	Marionette	INFO	Listening on port 53466
1626937278006	Marionette	WARN	TLS certificate errors will be ignored for this session
console.log: WebExtensions: reset-default-search: starting.
console.log: WebExtensions: reset-default-search: has already ran once and saw panel, exit.
